
   INFO  Server running on [http://0.0.0.0:8001].  

  Press Ctrl+C to stop the server


   INFO  Environment modified. Restarting server...  

   INFO  Server running on [http://0.0.0.0:8001].  

  Press Ctrl+C to stop the server


   INFO  Environment modified. Restarting server...  

   INFO  Server running on [http://0.0.0.0:8001].  

  Press Ctrl+C to stop the server

  2026-07-08 18:45:56 /onlyoffice/callback ....................... ~ 500.85ms
  2026-07-08 18:45:56 /onlyoffice/download/8/47e43a35d8e3b3861b747d73be6a36f49945ebe46de7d5fd5807d44cbcf48bba  ~ 0.03ms
  2026-07-08 18:48:16 /onlyoffice/callback ......................... ~ 0.10ms
  2026-07-08 18:48:17 /onlyoffice/callback ......................... ~ 0.20ms
  2026-07-08 18:49:19 /onlyoffice/callback ......................... ~ 0.09ms
  2026-07-08 18:49:20 /onlyoffice/callback ......................... ~ 0.13ms
  2026-07-08 18:51:20 /onlyoffice/callback ......................... ~ 0.34ms
  2026-07-08 18:51:21 /onlyoffice/callback ......................... ~ 0.22ms
  2026-07-08 19:03:13 /onlyoffice/callback ......................... ~ 0.41ms
  2026-07-08 19:03:14 /onlyoffice/callback ......................... ~ 0.15ms
  2026-07-08 19:03:19 /onlyoffice/callback ......................... ~ 0.06ms
  2026-07-08 19:16:59 /onlyoffice/callback ......................... ~ 0.10ms
  2026-07-08 19:16:59 /onlyoffice/download/10/b3fa05113e51293750bdfa4235dbeaa34b50592f19a8d0ce9ba9c5d8608857cb  ~ 0.02ms
  2026-07-08 19:17:19 /onlyoffice/callback ......................... ~ 0.07ms
  2026-07-08 19:17:21 /onlyoffice/callback ....................... ~ 500.27ms
  2026-07-08 19:17:21 /onlyoffice/download/10/b3fa05113e51293750bdfa4235dbeaa34b50592f19a8d0ce9ba9c5d8608857cb  ~ 0.03ms
  2026-07-08 19:17:24 /onlyoffice/callback ......................... ~ 0.11ms
  2026-07-08 19:17:25 /onlyoffice/callback ......................... ~ 0.07ms
